2017-04-11 16:21:28,576 - os.name - Linux
2017-04-11 16:21:28,576 - os.arch - amd64
2017-04-11 16:21:28,576 - os.version - 3.16.0-4-amd64
2017-04-11 16:21:28,576 - java.version - 1.8.0_111
2017-04-11 16:21:28,576 - java.vendor - Oracle Corporation
2017-04-11 16:21:28,576 - java.vendor.url - http://java.oracle.com/
2017-04-11 16:21:28,576 - java.home - /usr/lib/jvm/java-8-openjdk-amd64/jre
2017-04-11 16:21:28,576 - java.vm.specification.name - Java Virtual Machine Specification
2017-04-11 16:21:28,576 - java.vm.specification.vendor - Oracle Corporation
2017-04-11 16:21:28,577 - java.vm.specification.version - 1.8
2017-04-11 16:21:28,577 - java.class.path - /ark/linux64/eclipse64/eclipse-neon//plugins/org.eclipse.equinox.launcher_1.3.201.v20161025-1711.jar
2017-04-11 16:21:28,577 - java.library.path - /usr/java/packages/lib/amd64:/usr/lib/x86_64-linux-gnu/jni:/lib/x86_64-linux-gnu:/usr/lib/x86_64-linux-gnu:/usr/lib/jni:/lib:/usr/lib
2017-04-11 16:21:28,577 - --------------------------------------
2017-04-11 16:21:28,577 - ## Eclipse Plug-ins Log Information ##
2017-04-11 16:21:28,577 - --------------------------------------
2017-04-11 16:21:28,590 - javax.el - 2.2.0.v201303151357
2017-04-11 16:21:28,592 - javax.servlet - 3.1.0.v201410161800
2017-04-11 16:21:28,595 - javax.servlet.jsp - 2.2.0.v201112011158
2017-04-11 16:21:28,597 - com.sun.el - 2.2.0.v201303151357
2017-04-11 16:21:28,597 - org.apache.commons.logging - 1.1.1.v201101211721
2017-04-11 16:21:28,609 - org.apache.jasper.glassfish - 2.2.2.v201501141630
2017-04-11 16:21:28,619 - org.apache.lucene.analysis - 3.5.0.v20120725-1805
2017-04-11 16:21:28,632 - org.apache.lucene.core - 3.5.0.v20120725-1805
2017-04-11 16:21:28,635 - org.eclipse.equinox.http.jetty - 3.3.0.v20160324-1850
2017-04-11 16:21:28,637 - org.eclipse.equinox.http.registry - 1.1.400.v20150715-1528
2017-04-11 16:21:28,640 - org.eclipse.equinox.http.servlet - 1.3.1.v20160808-1329
2017-04-11 16:21:28,641 - org.eclipse.equinox.jsp.jasper - 1.0.500.v20150119-1358
2017-04-11 16:21:28,642 - org.eclipse.equinox.jsp.jasper.registry - 1.0.300.v20130327-1442
2017-04-11 16:21:28,642 - org.eclipse.help.base - 4.1.1.v20161124-1400
2017-04-11 16:21:28,643 - org.eclipse.help.ui - 4.0.200.v20160510-0758
2017-04-11 16:21:28,650 - org.eclipse.help.webapp - 3.8.0.v20160504-0839
2017-04-11 16:21:28,651 - org.eclipse.jetty.continuation - 9.3.9.v20160517
2017-04-11 16:21:28,654 - org.eclipse.jetty.http - 9.3.9.v20160517
2017-04-11 16:21:28,657 - org.eclipse.jetty.io - 9.3.9.v20160517
2017-04-11 16:21:28,659 - org.eclipse.jetty.security - 9.3.9.v20160517
2017-04-11 16:21:28,665 - org.eclipse.jetty.server - 9.3.9.v20160517
2017-04-11 16:21:28,668 - org.eclipse.jetty.servlet - 9.3.9.v20160517
2017-04-11 16:21:28,674 - org.eclipse.jetty.util - 9.3.9.v20160517
2017-04-11 16:21:28,674 - org.eclipse.core.net - 1.3.0.v20160418-1534
2017-04-11 16:21:28,675 - org.eclipse.equinox.security - 1.2.200.v20150715-1528
2017-04-11 16:21:28,678 - org.eclipse.mylyn.bugzilla.core - 3.21.0.v20160909-1813
2017-04-11 16:21:28,679 - org.eclipse.mylyn.bugzilla.ui - 3.21.0.v20160909-1813
2017-04-11 16:21:28,682 - org.eclipse.andmore.hierarchyviewer - 0.5.0.201605181018
2017-04-11 16:21:28,687 - org.eclipse.sequoyah.device.backward - 2.1.0.N20120718-0509
2017-04-11 16:21:28,687 - org.eclipse.sequoyah.device.framework - 2.1.0.N20120718-0509
2017-04-11 16:21:28,687 - org.eclipse.sequoyah.device.framework.ui - 2.1.0.N20120718-0509
2017-04-11 16:21:28,688 - org.eclipse.sequoyah.device.service.start - 2.1.0.N20120718-0509
2017-04-11 16:21:28,690 - org.eclipse.sequoyah.device.service.stop - 2.1.0.N20120718-0509
2017-04-11 16:21:28,692 - org.eclipse.sequoyah.device.framework.wizard - 2.1.0.N20120718-0509
2017-04-11 16:21:28,699 - org.eclipse.buildship.core - 1.0.21.v20161010-1640
2017-04-11 16:21:28,699 - org.eclipse.buildship.ui - 1.0.21.v20161010-1640
2017-04-11 16:21:28,699 - org.eclipse.buildship.branding - 1.0.21.v20161010-1640
2017-04-11 16:21:28,700 - org.eclipse.buildship.stsmigration - 1.0.21.v20161010-1640
2017-04-11 16:21:28,704 - org.eclipse.mylyn.tasks.core - 3.21.0.v20160914-0252
2017-04-11 16:21:28,705 - org.eclipse.mylyn.tasks.index.core - 3.21.0.v20160630-2019
2017-04-11 16:21:28,706 - org.eclipse.mylyn.tasks.index.ui - 3.21.0.v20160630-2019
2017-04-11 16:21:28,708 - org.eclipse.mylyn.tasks.search - 3.21.0.v20160630-2019
2017-04-11 16:21:28,708 - org.eclipse.mylyn.tasks.ui - 3.21.0.v20160913-2131
2017-04-11 16:21:28,712 - org.eclipse.egit.core - 4.4.1.201607150455-r
2017-04-11 16:21:28,713 - org.eclipse.egit.ui - 4.4.1.201607150455-r
2017-04-11 16:21:28,713 - org.eclipse.egit - 4.4.1.201607150455-r
2017-04-11 16:21:28,724 - org.eclipse.egit.doc - 4.4.1.201607150455-r
2017-04-11 16:21:28,727 - org.eclipse.aether.maven - 3.1.0.v20140706-2237
2017-04-11 16:21:28,731 - org.eclipse.gef - 3.11.0.201606061308
2017-04-11 16:21:28,736 - org.eclipse.mylyn.commons.identity.core - 1.13.0.v20160630-1702
2017-04-11 16:21:28,739 - org.eclipse.oomph.p2 - 1.6.0.v20161019-0656
2017-04-11 16:21:28,739 - org.eclipse.oomph.p2.core - 1.6.0.v20161111-1110
2017-04-11 16:21:28,740 - org.eclipse.oomph.p2.edit - 1.6.0.v20161019-0656
2017-04-11 16:21:28,740 - org.eclipse.oomph.p2.ui - 1.6.0.v20161128-0924
2017-04-11 16:21:28,744 - org.eclipse.oomph.p2.doc - 1.6.0.v20161019-0656
2017-04-11 16:21:28,749 - org.eclipse.datatools.enablement.sqlite - 1.1.0.201603142002
2017-04-11 16:21:28,750 - org.eclipse.datatools.enablement.sqlite.dbdefinition - 1.1.0.201603142002
2017-04-11 16:21:28,752 - org.eclipse.datatools.enablement.sqlite.ui - 1.1.0.201603142002
2017-04-11 16:21:28,752 - org.eclipse.datatools.enablement.finfo - 1.6.0.201603142002
2017-04-11 16:21:28,755 - org.eclipse.emf.codegen.ui - 2.6.0.v20160526-0356
2017-04-11 16:21:28,758 - org.eclipse.mylyn.commons.notifications.core - 1.13.0.v20160630-1702
2017-04-11 16:21:28,759 - org.eclipse.mylyn.commons.notifications.feed - 1.13.0.v20160721-2347
2017-04-11 16:21:28,760 - org.eclipse.mylyn.commons.notifications.ui - 1.13.0.v20160630-1702
2017-04-11 16:21:28,764 - org.eclipse.emf.converter - 2.7.0.v20160526-0356
2017-04-11 16:21:28,766 - org.eclipse.emf.importer - 2.9.0.v20160526-0356
2017-04-11 16:21:28,768 - org.eclipse.emf.exporter - 2.7.0.v20160526-0356
2017-04-11 16:21:28,769 - org.eclipse.emf.importer.ecore - 2.8.0.v20160526-0356
2017-04-11 16:21:28,771 - org.eclipse.emf.importer.java - 2.7.0.v20160526-0356
2017-04-11 16:21:28,773 - org.eclipse.emf.importer.rose - 2.8.0.v20160526-0356
2017-04-11 16:21:28,776 - org.eclipse.emf.edit.ui - 2.12.0.v20160526-0356
2017-04-11 16:21:28,780 - org.eclipse.help - 3.7.0.v20160602-1307
2017-04-11 16:21:28,781 - org.eclipse.ui - 3.108.1.v20160929-1045
2017-04-11 16:21:28,781 - org.eclipse.ui.workbench - 3.108.2.v20161025-2029
2017-04-11 16:21:28,781 - org.eclipse.update.configurator - 3.3.400.v20160506-0750
2017-04-11 16:21:28,781 - org.eclipse.rcp - 4.6.2.v20161124-1400
2017-04-11 16:21:28,785 - org.eclipse.recommenders.rcp - 2.4.5.v20161130-1427
2017-04-11 16:21:28,786 - org.eclipse.recommenders.apidocs - 2.4.5.v20161130-1427
2017-04-11 16:21:28,787 - org.eclipse.recommenders.apidocs.rcp - 2.4.5.v20161130-1427
2017-04-11 16:21:28,788 - org.eclipse.recommenders.calls - 2.4.5.v20161130-1427
2017-04-11 16:21:28,790 - org.eclipse.recommenders.calls.rcp - 2.4.5.v20161130-1427
2017-04-11 16:21:28,792 - org.eclipse.recommenders.chain.rcp - 2.4.5.v20161130-1427
2017-04-11 16:21:28,795 - org.eclipse.recommenders.completion.rcp - 2.4.5.v20161130-1427
2017-04-11 16:21:28,796 - org.eclipse.recommenders.constructors - 2.4.5.v20161130-1427
2017-04-11 16:21:28,797 - org.eclipse.recommenders.constructors.rcp - 2.4.5.v20161130-1427
2017-04-11 16:21:28,799 - org.eclipse.recommenders.coordinates - 2.4.5.v20161130-1427
2017-04-11 16:21:28,799 - org.eclipse.recommenders.coordinates.rcp - 2.4.5.v20161130-1427
2017-04-11 16:21:28,799 - org.eclipse.recommenders.injection - 2.4.5.v20161130-1427
2017-04-11 16:21:28,801 - org.eclipse.recommenders.jayes - 2.4.5.v20161130-1427
2017-04-11 16:21:28,803 - org.eclipse.recommenders.jayes.io - 2.4.5.v20161130-1427
2017-04-11 16:21:28,804 - org.eclipse.recommenders.jdt - 2.4.5.v20161130-1427
2017-04-11 16:21:28,805 - org.eclipse.recommenders.models - 2.4.5.v20161130-1427
2017-04-11 16:21:28,806 - org.eclipse.recommenders.models.rcp - 2.4.5.v20161130-1427
2017-04-11 16:21:28,807 - org.eclipse.recommenders.net - 2.4.5.v20161130-1427
2017-04-11 16:21:28,808 - org.eclipse.recommenders.overrides - 2.4.5.v20161130-1427
2017-04-11 16:21:28,809 - org.eclipse.recommenders.overrides.rcp - 2.4.5.v20161130-1427
2017-04-11 16:21:28,810 - org.eclipse.recommenders.subwords.rcp - 2.4.5.v20161130-1427
2017-04-11 16:21:28,812 - org.eclipse.recommenders.types.rcp - 2.4.5.v20161130-1427
2017-04-11 16:21:28,814 - org.eclipse.recommenders.utils - 2.4.5.v20161130-1427
2017-04-11 16:21:28,815 - org.eclipse.recommenders.utils.rcp - 2.4.5.v20161130-1427
2017-04-11 16:21:28,820 - org.eclipse.mylyn.commons.repositories.http.core - 1.13.0.v20160630-1702
2017-04-11 16:21:28,823 - org.eclipse.datatools.connectivity.oda.design.ui - 3.3.0.201603142002
2017-04-11 16:21:28,824 - org.eclipse.datatools.connectivity.ui.dse - 1.2.0.201603142002
2017-04-11 16:21:28,830 - org.eclipse.datatools.connectivity.ui - 1.3.0.201603142002
2017-04-11 16:21:28,834 - org.eclipse.datatools.connectivity.sqm.core - 1.3.0.201603142002
2017-04-11 16:21:28,835 - org.eclipse.datatools.help - 1.6.0.201603142002
2017-04-11 16:21:28,839 - org.eclipse.jdt - 3.12.2.v20161124-1400
2017-04-11 16:21:28,840 - org.eclipse.ant.ui - 3.6.201.v20161115-1135
2017-04-11 16:21:28,845 - org.eclipse.jdt.apt.core - 3.4.100.v20160525-0952
2017-04-11 16:21:28,847 - org.eclipse.jdt.apt.ui - 3.4.100.v20160418-1457
2017-04-11 16:21:28,848 - org.eclipse.jdt.apt.pluggable.core - 1.1.100.v20160418-1457
2017-04-11 16:21:28,849 - org.eclipse.jdt.compiler.apt - 1.2.100.v20160418-1457
2017-04-11 16:21:28,849 - org.eclipse.jdt.compiler.tool - 1.1.100.v20160418-1457
2017-04-11 16:21:28,849 - org.eclipse.jdt.core - 3.12.2.v20161117-1814
2017-04-11 16:21:28,851 - org.eclipse.jdt.annotation - 2.1.0.v20160418-1457
2017-04-11 16:21:28,852 - org.eclipse.jdt.annotation - 2.1.0.v20160418-1457
2017-04-11 16:21:28,852 - org.eclipse.jdt.core.manipulation - 1.7.0.v20160419-0705
2017-04-11 16:21:28,853 - org.eclipse.jdt.debug.ui - 3.7.201.v20160811-0450
2017-04-11 16:21:28,909 - org.eclipse.jdt.debug - 3.10.1.v20160811-0441
2017-04-11 16:21:28,909 - org.eclipse.jdt.junit - 3.9.0.v20160421-1701
2017-04-11 16:21:28,912 - org.eclipse.jdt.junit.core - 3.8.0.v20160421-1701
2017-04-11 16:21:28,914 - org.eclipse.jdt.junit.runtime - 3.4.600.v20160505-0715
2017-04-11 16:21:28,915 - org.eclipse.jdt.junit4.runtime - 1.1.600.v20160505-0715
2017-04-11 16:21:28,916 - org.eclipse.jdt.launching - 3.8.101.v20161111-2014
2017-04-11 16:21:28,917 - org.eclipse.jdt.ui - 3.12.2.v20160929-0804
2017-04-11 16:21:28,924 - org.junit - 4.12.0.v201504281640
2017-04-11 16:21:28,925 - org.hamcrest.core - 1.3.0.v201303031735
2017-04-11 16:21:28,938 - org.eclipse.jdt.doc.user - 3.12.1.v20160727-2009
2017-04-11 16:21:28,941 - org.eclipse.ant.launching - 1.1.201.v20161115-1135
2017-04-11 16:21:28,944 - org.eclipse.emf.common - 2.12.0.v20160420-0247
2017-04-11 16:21:28,954 - org.eclipse.sequoyah.vnc.vncviewer.vncviews - 2.1.0.N20120718-0509
2017-04-11 16:21:28,958 - org.eclipse.egit.mylyn.ui - 4.4.1.201607150455-r
2017-04-11 16:21:28,962 - org.eclipse.datatools.sqltools.common.ui - 1.1.0.201603142002
2017-04-11 16:21:28,963 - org.eclipse.datatools.sqltools.debugger.core - 1.1.0.201603142002
2017-04-11 16:21:28,966 - org.eclipse.datatools.sqltools.editor.core - 1.1.0.201603142002
2017-04-11 16:21:28,967 - org.eclipse.datatools.sqltools.plan - 1.1.0.201603142002
2017-04-11 16:21:28,968 - org.eclipse.datatools.sqltools.routineeditor - 1.1.0.201603142002
2017-04-11 16:21:28,970 - org.eclipse.datatools.sqltools.sql - 1.1.0.201603142002
2017-04-11 16:21:28,976 - org.eclipse.datatools.sqltools.sqleditor - 1.1.0.201603142002
2017-04-11 16:21:28,976 - org.eclipse.datatools.sqltools.sqlscrapbook - 1.1.0.201603142002
2017-04-11 16:21:28,976 - org.eclipse.datatools.help - 1.6.0.201603142002
2017-04-11 16:21:28,978 - org.eclipse.datatools.sqltools.db.generic - 1.1.0.201603142002
2017-04-11 16:21:28,980 - org.eclipse.datatools.sqltools.debugger.core.ui - 1.1.0.201603142002
2017-04-11 16:21:28,982 - org.eclipse.datatools.sqltools.editor.core.ui - 1.1.0.201603142002
2017-04-11 16:21:28,982 - org.eclipse.datatools.sqltools.result.ui - 1.2.0.201603142002
2017-04-11 16:21:28,985 - org.eclipse.datatools.sqltools.routineeditor.ui - 1.1.0.201603142002
2017-04-11 16:21:28,986 - org.eclipse.datatools.sqltools.sql.ui - 1.1.0.201603142002
2017-04-11 16:21:28,992 - org.objectweb.asm - 5.0.1.v201404251740
2017-04-11 16:21:28,992 - org.eclipse.andmore - 0.5.0.201605181018
2017-04-11 16:21:28,992 - org.eclipse.andmore.base - 0.5.0.201605181018
2017-04-11 16:21:28,993 - org.eclipse.andmore.ddms - 0.5.0.201605181018
2017-04-11 16:21:28,994 - org.eclipse.andmore.overlay - 0.5.0.201605181018
2017-04-11 16:21:28,998 - org.apache.commons.codec - 1.6.0.v201305230611
2017-04-11 16:21:29,002 - org.apache.commons.compress - 1.6.0.v201310281400
2017-04-11 16:21:29,003 - org.apache.httpcomponents.httpclient - 4.3.6.v201511171540
2017-04-11 16:21:29,007 - org.apache.httpcomponents.httpcore - 4.3.3.v201411290715
2017-04-11 16:21:29,013 - org.eclipse.datatools.modelbase.dbdefinition - 1.1.0.201603142002
2017-04-11 16:21:29,017 - org.eclipse.datatools.modelbase.sql.edit - 1.1.0.201603142002
2017-04-11 16:21:29,024 - org.eclipse.datatools.modelbase.sql.query - 1.2.0.201603142002
2017-04-11 16:21:29,027 - org.eclipse.datatools.modelbase.sql.query.edit - 1.1.0.201603142002
2017-04-11 16:21:29,031 - org.eclipse.datatools.modelbase.sql.xml.query - 1.1.0.201603142002
2017-04-11 16:21:29,031 - org.eclipse.datatools.modelbase.sql - 1.1.0.201603142002
2017-04-11 16:21:29,034 - org.eclipse.emf.mapping - 2.9.0.v20160526-0356
2017-04-11 16:21:29,038 - org.eclipse.oomph.setup.editor - 1.6.0.v20161125-1207
2017-04-11 16:21:29,039 - org.eclipse.oomph.setup.ui - 1.6.0.v20161128-0851
2017-04-11 16:21:29,051 - org.eclipse.oomph.setup.doc - 1.6.0.v20161019-0656
2017-04-11 16:21:29,056 - org.eclipse.oomph.setup.ui.questionnaire - 1.6.0.v20161019-0656
2017-04-11 16:21:29,056 - org.eclipse.oomph.jreinfo.ui - 1.6.0.v20161019-0656
2017-04-11 16:21:29,059 - org.eclipse.emf.ecore - 2.12.0.v20160420-0247
2017-04-11 16:21:29,061 - org.eclipse.emf.ecore.change - 2.11.0.v20160420-0247
2017-04-11 16:21:29,062 - org.eclipse.emf.ecore.xmi - 2.12.0.v20160420-0247
2017-04-11 16:21:29,064 - org.eclipse.jgit - 4.4.1.201607150455-r
2017-04-11 16:21:29,066 - org.eclipse.jgit.archive - 4.4.1.201607150455-r
2017-04-11 16:21:29,066 - com.jcraft.jsch - 0.1.53.v201508180515
2017-04-11 16:21:29,068 - javaewah - 0.7.9.v201605172130
2017-04-11 16:21:29,069 - org.apache.commons.compress - 1.6.0.v201310281400
2017-04-11 16:21:29,069 - org.slf4j.api - 1.7.2.v20121108-1250
2017-04-11 16:21:29,069 - org.slf4j.impl.log4j12 - 1.7.2.v20131105-2200
2017-04-11 16:21:29,074 - org.apache.log4j - 1.2.15.v201012070815
2017-04-11 16:21:29,079 - org.eclipse.mylyn.wikitext.core - 2.10.1.v20161129-1925
2017-04-11 16:21:29,080 - org.eclipse.mylyn.wikitext.core.ant - 2.10.1.v20161129-1925
2017-04-11 16:21:29,081 - org.eclipse.mylyn.wikitext.core.osgi - 2.10.1.v20161129-1925
2017-04-11 16:21:29,083 - org.eclipse.mylyn.wikitext.textile.core - 2.10.1.v20161129-1925
2017-04-11 16:21:29,085 - org.eclipse.mylyn.wikitext.html.core - 2.10.1.v20161129-1925
2017-04-11 16:21:29,087 - org.eclipse.mylyn.wikitext.markdown.core - 2.10.1.v20161129-1925
2017-04-11 16:21:29,089 - org.eclipse.mylyn.wikitext.mediawiki.core - 2.10.1.v20161129-1925
2017-04-11 16:21:29,090 - org.eclipse.mylyn.wikitext.mediawiki.core.ant - 2.10.1.v20161129-1925
2017-04-11 16:21:29,092 - org.eclipse.mylyn.wikitext.confluence.core - 2.10.1.v20161129-1925
2017-04-11 16:21:29,094 - org.eclipse.mylyn.wikitext.tracwiki.core - 2.10.1.v20161129-1925
2017-04-11 16:21:29,096 - org.eclipse.mylyn.wikitext.twiki.core - 2.10.1.v20161129-1925
2017-04-11 16:21:29,097 - org.eclipse.mylyn.wikitext.ui - 2.10.1.v20161129-1925
2017-04-11 16:21:29,107 - org.eclipse.mylyn.wikitext.help.ui - 2.10.1.v20161129-1925
2017-04-11 16:21:29,108 - org.eclipse.mylyn.wikitext.textile.ui - 2.10.1.v20161129-1925
2017-04-11 16:21:29,109 - org.eclipse.mylyn.wikitext.markdown.ui - 2.10.1.v20161129-1925
2017-04-11 16:21:29,110 - org.eclipse.mylyn.wikitext.mediawiki.ui - 2.10.1.v20161129-1925
2017-04-11 16:21:29,111 - org.eclipse.mylyn.wikitext.confluence.ui - 2.10.1.v20161129-1925
2017-04-11 16:21:29,112 - org.eclipse.mylyn.wikitext.tracwiki.ui - 2.10.1.v20161129-1925
2017-04-11 16:21:29,113 - org.eclipse.mylyn.wikitext.twiki.ui - 2.10.1.v20161129-1925
2017-04-11 16:21:29,114 - org.eclipse.mylyn.wikitext.tasks.ui - 2.10.1.v20161129-1925
2017-04-11 16:21:29,116 - org.eclipse.mylyn.wikitext.context.ui - 2.10.1.v20161129-1925
2017-04-11 16:21:29,118 - org.eclipse.mylyn.wikitext.asciidoc.core - 2.10.1.v20161129-1925
2017-04-11 16:21:29,119 - org.eclipse.mylyn.wikitext.asciidoc.ui - 2.10.1.v20161129-1925
2017-04-11 16:21:29,122 - org.eclipse.emf.mapping.ecore.editor - 2.6.0.v20160526-0356
2017-04-11 16:21:29,124 - org.eclipse.emf.mapping.ecore2ecore.editor - 2.7.0.v20160526-0356
2017-04-11 16:21:29,125 - org.eclipse.emf.mapping.ecore2xml.ui - 2.8.0.v20160526-0356
2017-04-11 16:21:29,129 - org.eclipse.recommenders.mylyn.rcp - 2.4.5.v20161130-1427
2017-04-11 16:21:29,170 - org.apache.ant - 1.9.6.v201510161327
2017-04-11 16:21:29,172 - org.eclipse.ant.core - 3.4.100.v20160505-0642
2017-04-11 16:21:29,173 - com.jcraft.jsch - 0.1.53.v201508180515
2017-04-11 16:21:29,173 - org.eclipse.compare.core - 3.6.0.v20160418-1534
2017-04-11 16:21:29,173 - org.eclipse.compare - 3.7.0.v20161024-1724
2017-04-11 16:21:29,174 - org.eclipse.core.filebuffers - 3.6.0.v20160503-1849
2017-04-11 16:21:29,174 - org.eclipse.core.filesystem - 1.6.1.v20161113-2349
2017-04-11 16:21:29,174 - org.eclipse.core.net - 1.3.0.v20160418-1534
2017-04-11 16:21:29,174 - org.eclipse.core.net.linux.x86_64 - 1.2.0.v20160323-1650
2017-04-11 16:21:29,175 - org.eclipse.core.resources - 3.11.1.v20161107-2032
2017-04-11 16:21:29,176 - org.eclipse.osgi.util - 3.3.100.v20150423-1351
2017-04-11 16:21:29,177 - org.eclipse.debug.core - 3.10.100.v20160419-1720
2017-04-11 16:21:29,177 - org.eclipse.debug.ui - 3.11.202.v20161114-0338
2017-04-11 16:21:29,178 - org.eclipse.equinox.event - 1.3.200.v20160324-1850
2017-04-11 16:21:29,179 - org.eclipse.ltk.core.refactoring - 3.7.0.v20160419-0705
2017-04-11 16:21:29,179 - org.eclipse.ltk.ui.refactoring - 3.8.0.v20160518-1817
2017-04-11 16:21:29,179 - org.eclipse.platform - 4.6.2.v20161124-1400
2017-04-11 16:21:29,190 - org.eclipse.platform.doc.user - 4.6.1.v20160727-2009
2017-04-11 16:21:29,191 - org.eclipse.search - 3.11.1.v20161113-1700
2017-04-11 16:21:29,191 - org.eclipse.team.core - 3.8.0.v20160418-1534
2017-04-11 16:21:29,192 - org.eclipse.team.ui - 3.8.0.v20160518-1906
2017-04-11 16:21:29,193 - org.eclipse.text - 3.6.0.v20160503-1849
2017-04-11 16:21:29,193 - org.eclipse.jface.text - 3.11.2.v20161113-1700
2017-04-11 16:21:29,194 - org.eclipse.jsch.core - 1.3.0.v20160422-1917
2017-04-11 16:21:29,196 - org.eclipse.jsch.ui - 1.3.0.v20160323-1650
2017-04-11 16:21:29,196 - org.eclipse.ui.console - 3.6.201.v20161107-0337
2017-04-11 16:21:29,200 - org.eclipse.ui.intro - 3.5.2.v20161116-1147
2017-04-11 16:21:29,202 - org.eclipse.ui.intro.universal - 3.3.1.v20160829-1558
2017-04-11 16:21:29,202 - org.eclipse.ui.cheatsheets - 3.5.0.v20160504-0839
2017-04-11 16:21:29,202 - org.eclipse.ui.browser - 3.5.2.v20161114-0210
2017-04-11 16:21:29,204 - org.eclipse.ui.monitoring - 1.1.1.v20161028-1850
2017-04-11 16:21:29,209 - org.eclipse.ui.navigator - 3.6.101.v20161006-1120
2017-04-11 16:21:29,210 - org.eclipse.ui.navigator.resources - 3.5.101.v20161006-0640
2017-04-11 16:21:29,210 - org.eclipse.ui.net - 1.3.0.v20160426-1633
2017-04-11 16:21:29,211 - org.eclipse.ui.workbench.texteditor - 3.10.1.v20160818-1626
2017-04-11 16:21:29,211 - org.eclipse.ui.views - 3.8.101.v20160816-1954
2017-04-11 16:21:29,212 - org.eclipse.ui.editors - 3.10.1.v20161106-1856
2017-04-11 16:21:29,214 - org.eclipse.ui.externaltools - 3.3.100.v20160518-1858
2017-04-11 16:21:29,215 - org.eclipse.ui.ide - 3.12.2.v20161115-1450
2017-04-11 16:21:29,215 - org.eclipse.ui.ide.application - 1.1.101.v20160829-0827
2017-04-11 16:21:29,216 - org.eclipse.core.filesystem.linux.x86_64 - 1.2.200.v20140124-1940
2017-04-11 16:21:29,217 - org.eclipse.core.variables - 3.3.0.v20160419-1720
2017-04-11 16:21:29,217 - org.eclipse.ui.forms - 3.7.0.v20160518-1929
2017-04-11 16:21:29,219 - org.eclipse.ui.views.properties.tabbed - 3.7.0.v20160310-0903
2017-04-11 16:21:29,219 - org.eclipse.equinox.security - 1.2.200.v20150715-1528
2017-04-11 16:21:29,222 - org.eclipse.equinox.security.ui - 1.1.300.v20150803-1225
2017-04-11 16:21:29,224 - org.eclipse.core.externaltools - 1.0.400.v20160509-1057
2017-04-11 16:21:29,224 - org.eclipse.ui.themes - 1.1.300.v20161107-1827
2017-04-11 16:21:29,225 - org.eclipse.core.runtime - 3.12.0.v20160606-1342
2017-04-11 16:21:29,226 - org.eclipse.ui.intro.quicklinks - 1.0.0.v20160515-0255
2017-04-11 16:21:29,231 - org.eclipse.mylyn.discovery.core - 3.21.0.v20160729-1739
2017-04-11 16:21:29,233 - org.eclipse.mylyn.discovery.ui - 3.21.0.v20160630-1702
2017-04-11 16:21:29,236 - org.eclipse.emf.ecore.edit - 2.9.0.v20160526-0356
2017-04-11 16:21:29,237 - org.eclipse.emf.ecore.change.edit - 2.6.0.v20160526-0356
2017-04-11 16:21:29,240 - org.eclipse.sequoyah.vnc.protocol - 2.1.0.N20120718-0509
2017-04-11 16:21:29,243 - org.eclipse.mylyn.versions.core - 1.13.0.v20160630-2022
2017-04-11 16:21:29,244 - org.eclipse.mylyn.versions.ui - 1.13.0.v20160630-2022
2017-04-11 16:21:29,248 - org.eclipse.emf.mapping.ecore - 2.6.0.v20160526-0356
2017-04-11 16:21:29,249 - org.eclipse.emf.mapping.ecore2ecore - 2.9.0.v20160526-0356
2017-04-11 16:21:29,251 - org.eclipse.emf.mapping.ecore2xml - 2.9.0.v20160526-0356
2017-04-11 16:21:29,253 - org.eclipse.andmore.traceview - 0.5.0.201605181018
2017-04-11 16:21:29,257 - org.eclipse.sequoyah.localization.android - 2.1.0.N20120718-0509
2017-04-11 16:21:29,258 - org.eclipse.sequoyah.localization.android.help - 2.1.1.N20120718-0509
2017-04-11 16:21:29,261 - org.eclipse.m2e.logback.configuration - 1.7.0.20160603-1933
2017-04-11 16:21:29,262 - org.eclipse.m2e.logback.appender - 1.7.0.20160603-1933
2017-04-11 16:21:29,265 - org.eclipse.emf.codegen - 2.11.0.v20160526-0356
2017-04-11 16:21:29,268 - org.eclipse.wst.dtd.ui - 1.0.801.v201308100602
2017-04-11 16:21:29,269 - org.eclipse.wst.dtd.ui.infopop - 1.0.400.v201309112106
2017-04-11 16:21:29,270 - org.eclipse.wst.sse.ui.infopop - 1.0.300.v201309112106
2017-04-11 16:21:29,271 - org.eclipse.wst.xml.ui.infopop - 1.0.400.v201309112106
2017-04-11 16:21:29,271 - org.eclipse.wst.sse.ui - 1.3.500.v201605120129
2017-04-11 16:21:29,271 - org.eclipse.wst.xml.ui - 1.1.700.v201604272318
2017-04-11 16:21:29,272 - org.eclipse.wst.xsd.ui - 1.2.600.v201511240159
2017-04-11 16:21:29,275 - org.eclipse.emf - 2.6.0.v20160526-0356
2017-04-11 16:21:29,278 - org.eclipse.datatools.doc.user - 1.7.0.20090521092446
2017-04-11 16:21:29,279 - org.eclipse.datatools.oda.cshelp - 1.2.0.201603142002
2017-04-11 16:21:29,279 - org.eclipse.datatools.help - 1.6.0.201603142002
2017-04-11 16:21:29,282 - org.eclipse.mylyn.tasks.bugs - 3.21.0.v20160929-1805
2017-04-11 16:21:29,293 - org.eclipse.mylyn.help.ui - 3.21.0.v20160913-2013
2017-04-11 16:21:29,297 - org.eclipse.draw2d - 3.10.100.201606061308
2017-04-11 16:21:29,301 - org.eclipse.emf.edit - 2.12.0.v20160526-0356
2017-04-11 16:21:29,304 - org.eclipse.mylyn.commons.core - 3.21.0.v20160707-1856
2017-04-11 16:21:29,307 - org.eclipse.mylyn.commons.screenshots - 3.21.0.v20160630-1702
2017-04-11 16:21:29,307 - org.eclipse.mylyn.commons.ui - 3.21.0.v20160630-1702
2017-04-11 16:21:29,310 - org.eclipse.mylyn.commons.workbench - 3.21.0.v20160630-1702
2017-04-11 16:21:29,315 - org.eclipse.mylyn.bugzilla.ide - 3.21.0.v20160912-1820
2017-04-11 16:21:29,316 - org.eclipse.mylyn.ide.ui - 3.21.0.v20160701-1337
2017-04-11 16:21:29,319 - org.eclipse.emf.databinding.edit - 1.3.0.v20160526-0356
2017-04-11 16:21:29,322 - org.eclipse.emf.codegen.ecore - 2.12.0.v20160526-0356
2017-04-11 16:21:29,323 - org.eclipse.emf.ant - 2.8.0.v20160526-0356
2017-04-11 16:21:29,361 - org.eclipse.m2e.archetype.common - 1.7.0.20160603-1931
2017-04-11 16:21:29,377 - org.eclipse.m2e.maven.indexer - 1.7.0.20160603-1931
2017-04-11 16:21:29,382 - org.eclipse.m2e.model.edit - 1.7.0.20160603-1933
2017-04-11 16:21:29,382 - org.eclipse.m2e.core - 1.7.0.20160603-1933
2017-04-11 16:21:29,384 - org.eclipse.m2e.launching - 1.7.0.20160603-1933
2017-04-11 16:21:29,385 - org.eclipse.m2e.workspace.cli - 0.3.1
2017-04-11 16:21:29,388 - org.eclipse.m2e.jdt - 1.7.0.20160603-1933
2017-04-11 16:21:29,392 - org.eclipse.m2e.editor - 1.7.0.20160603-1933
2017-04-11 16:21:29,396 - org.eclipse.m2e.editor.xml - 1.7.0.20160603-1933
2017-04-11 16:21:29,491 - org.eclipse.m2e.maven.runtime - 1.7.0.20160603-1931
2017-04-11 16:21:29,494 - org.eclipse.m2e.maven.runtime.slf4j.simple - 1.7.0.20160603-1931
2017-04-11 16:21:29,495 - org.eclipse.m2e.refactoring - 1.7.0.20160603-1933
2017-04-11 16:21:29,496 - org.eclipse.m2e.lifecyclemapping.defaults - 1.7.0.20160603-1933
2017-04-11 16:21:29,497 - org.eclipse.m2e.discovery - 1.7.0.20160603-1933
2017-04-11 16:21:29,498 - org.eclipse.m2e.core.ui - 1.7.0.20160603-1933
2017-04-11 16:21:29,500 - org.eclipse.m2e.scm - 1.7.0.20160603-1933
2017-04-11 16:21:29,500 - org.eclipse.m2e.jdt.ui - 1.7.0.20160603-1933
2017-04-11 16:21:29,501 - org.eclipse.m2e.profiles.core - 1.7.0.20160603-1933
2017-04-11 16:21:29,503 - org.eclipse.m2e.profiles.ui - 1.7.0.20160603-1933
2017-04-11 16:21:29,504 - org.eclipse.m2e.importer - 1.7.0.20160603-1933
2017-04-11 16:21:29,507 - org.eclipse.andmore.ndk - 0.5.0.201605181018
2017-04-11 16:21:29,511 - org.eclipse.andmore.gldebugger - 0.5.0.201605181018
2017-04-11 16:21:29,516 - org.eclipse.mylyn.hudson.core - 1.13.0.v20160806-1446
2017-04-11 16:21:29,517 - org.eclipse.mylyn.hudson.ui - 1.13.0.v20160704-1634
2017-04-11 16:21:29,525 - org.eclipse.epp.mpc.core - 1.5.3.v20161116-1851
2017-04-11 16:21:29,525 - org.eclipse.epp.mpc.ui - 1.5.3.v20161116-1851
2017-04-11 16:21:29,533 - org.eclipse.epp.mpc.help.ui - 1.5.3.v20161116-1851
2017-04-11 16:21:29,533 - org.apache.httpcomponents.httpclient - 4.3.6.v201511171540
2017-04-11 16:21:29,533 - org.apache.httpcomponents.httpcore - 4.3.3.v201411290715
2017-04-11 16:21:29,537 - org.eclipse.mylyn.git.core - 1.13.0.v20160630-2022
2017-04-11 16:21:29,539 - org.eclipse.mylyn.git.ui - 1.13.0.v20160630-2022
2017-04-11 16:21:29,544 - org.eclipse.datatools.connectivity.oda.consumer - 3.3.0.201603142002
2017-04-11 16:21:29,548 - org.eclipse.datatools.connectivity.oda.design - 3.4.0.201603142002
2017-04-11 16:21:29,549 - org.eclipse.datatools.connectivity.oda.profile - 3.3.0.201603142002
2017-04-11 16:21:29,549 - org.eclipse.datatools.connectivity.oda - 3.5.0.201603142002
2017-04-11 16:21:29,549 - org.eclipse.datatools.connectivity - 1.13.0.201603142002
2017-04-11 16:21:29,553 - org.eclipse.andmore.android.certmanager - 0.5.0.201605181018
2017-04-11 16:21:29,558 - org.eclipse.recommenders.snipmatch - 2.4.5.v20161130-1427
2017-04-11 16:21:29,558 - org.eclipse.recommenders.snipmatch.rcp - 2.4.5.v20161130-1427
2017-04-11 16:21:29,561 - org.eclipse.cdt.gdb - 7.0.0.201606062011
2017-04-11 16:21:29,563 - org.eclipse.cdt.gdb.ui - 7.0.0.201606062011
2017-04-11 16:21:29,567 - org.eclipse.pde - 3.12.2.v20161124-1400
2017-04-11 16:21:29,574 - org.eclipse.pde.build - 3.9.200.v20160204-0642
2017-04-11 16:21:29,575 - org.eclipse.pde.core - 3.11.1.v20161115-1951
2017-04-11 16:21:29,576 - org.eclipse.pde.junit.runtime - 3.5.0.v20151013-0625
2017-04-11 16:21:29,577 - org.eclipse.pde.runtime - 3.5.0.v20160418-1724
2017-04-11 16:21:29,578 - org.eclipse.pde.ui - 3.9.100.v20161102-0517
2017-04-11 16:21:29,591 - org.eclipse.pde.doc.user - 3.12.2.v20161123-1159
2017-04-11 16:21:29,597 - org.eclipse.pde.ui.templates - 3.6.0.v20160424-1948
2017-04-11 16:21:29,598 - org.eclipse.ui.views.log - 1.2.1.v20160829-0826
2017-04-11 16:21:29,598 - org.objectweb.asm - 5.0.1.v201404251740
2017-04-11 16:21:29,599 - org.objectweb.asm.tree - 5.0.1.v201404251740
2017-04-11 16:21:29,609 - org.eclipse.pde.api.tools - 1.1.2.v20161115-0549
2017-04-11 16:21:29,609 - org.eclipse.pde.api.tools.annotations - 1.0.100.v20160418-1724
2017-04-11 16:21:29,610 - org.eclipse.pde.api.tools.ui - 1.1.0.v20160519-0701
2017-04-11 16:21:29,612 - org.eclipse.pde.ds.core - 1.1.0.v20151201-1325
2017-04-11 16:21:29,615 - org.eclipse.pde.ds.ui - 1.1.0.v20160518-1843
2017-04-11 16:21:29,615 - org.eclipse.pde.launching - 3.6.401.v20161115-0549
2017-04-11 16:21:29,617 - org.eclipse.pde.ua.core - 1.0.500.v20160204-0642
2017-04-11 16:21:29,623 - org.eclipse.pde.ua.ui - 1.1.0.v20160518-1843
2017-04-11 16:21:29,623 - org.eclipse.ui.trace - 1.0.400.v20160509-1055
2017-04-11 16:21:29,625 - org.eclipse.pde.ds.annotations - 1.0.0.v20160525-1437
2017-04-11 16:21:29,628 - org.eclipse.sequoyah.localization.tools - 2.1.0.N20120718-0509
2017-04-11 16:21:29,631 - org.eclipse.sequoyah.localization.editor - 2.1.0.N20120718-0509
2017-04-11 16:21:29,637 - net.sourceforge.lpg.lpgjavaruntime - 1.1.0.v201004271650
2017-04-11 16:21:29,640 - org.eclipse.datatools.sqltools.parsers.sql.lexer - 1.1.0.201603142002
2017-04-11 16:21:29,644 - org.eclipse.datatools.sqltools.parsers.sql.query - 1.3.0.201603142002
2017-04-11 16:21:29,647 - org.eclipse.datatools.sqltools.parsers.sql.xml.query - 1.1.0.201603142002
2017-04-11 16:21:29,647 - org.eclipse.datatools.sqltools.parsers.sql - 1.1.0.201603142002
2017-04-11 16:21:29,655 - org.eclipse.mylyn.java.ui - 3.21.0.v20160701-1337
2017-04-11 16:21:29,656 - org.eclipse.mylyn.java.tasks - 3.21.0.v20160701-1337
2017-04-11 16:21:29,656 - org.eclipse.mylyn.ide.ui - 3.21.0.v20160701-1337
2017-04-11 16:21:29,658 - org.eclipse.mylyn.ide.ant - 3.21.0.v20160701-1337
2017-04-11 16:21:29,660 - org.eclipse.mylyn.debug.ui - 3.21.0.v20160701-1337
2017-04-11 16:21:29,666 - org.eclipse.mylyn.team.ui - 3.21.0.v20160701-1337
2017-04-11 16:21:29,671 - org.eclipse.datatools.sqltools.sql - 1.1.0.201603142002
2017-04-11 16:21:29,671 - org.eclipse.datatools.sqltools.common.ui - 1.1.0.201603142002
2017-04-11 16:21:29,671 - org.eclipse.datatools.sqltools.plan - 1.1.0.201603142002
2017-04-11 16:21:29,671 - org.eclipse.datatools.sqltools.editor.core - 1.1.0.201603142002
2017-04-11 16:21:29,671 - org.eclipse.datatools.sqltools.sqleditor - 1.1.0.201603142002
2017-04-11 16:21:29,671 - org.eclipse.datatools.sqltools.ddlgen.ui - 1.1.0.201603142002
2017-04-11 16:21:29,672 - org.eclipse.datatools.connectivity.db.generic - 1.1.0.201603142002
2017-04-11 16:21:29,672 - org.eclipse.datatools.sqltools.editor.core.ui - 1.1.0.201603142002
2017-04-11 16:21:29,672 - org.eclipse.datatools.sqltools.sql.ui - 1.1.0.201603142002
2017-04-11 16:21:29,676 - org.eclipse.emf.common.ui - 2.11.0.v20160526-0356
2017-04-11 16:21:29,681 - org.eclipse.mylyn.commons.repositories.core - 1.13.0.v20160630-1702
2017-04-11 16:21:29,682 - org.eclipse.mylyn.commons.repositories.ui - 1.13.0.v20160630-1702
2017-04-11 16:21:29,687 - org.eclipse.sequoyah.device.common.utilities - 2.1.0.N20120718-0509
2017-04-11 16:21:29,690 - org.eclipse.andmore.android.common - 0.5.0.201605181018
2017-04-11 16:21:29,691 - org.eclipse.andmore.android.codeutils - 0.5.0.201605181018
2017-04-11 16:21:29,693 - org.eclipse.andmore.android.translation - 0.5.0.201605181018
2017-04-11 16:21:29,694 - org.eclipse.andmore.android.codesnippets - 0.5.0.201605181018
2017-04-11 16:21:29,695 - org.eclipse.andmore.android.db.core - 0.5.0.201605181018
2017-04-11 16:21:29,695 - org.eclipse.andmore.android.logger - 0.5.0.201605181018
2017-04-11 16:21:29,696 - org.eclipse.andmore.android - 0.5.0.201605181018
2017-04-11 16:21:29,697 - org.eclipse.andmore.android.emulator - 0.5.0.201605181018
2017-04-11 16:21:29,699 - org.eclipse.andmore.android.launch - 0.5.0.201605181018
2017-04-11 16:21:29,699 - org.eclipse.andmore.android.packaging.ui - 0.5.0.201605181018
2017-04-11 16:21:29,700 - org.eclipse.andmore.android.handset - 0.5.0.201605181018
2017-04-11 16:21:29,701 - org.eclipse.andmore.android.remote - 0.5.0.201605181018
2017-04-11 16:21:29,701 - org.eclipse.andmore.android.linux.x86_64 - 0.5.0.201605181018
2017-04-11 16:21:29,701 - org.eclipse.andmore.android.mat - 0.5.0.201605181018
2017-04-11 16:21:29,701 - org.eclipse.andmore.android.devices.services - 0.5.0.201605181018
2017-04-11 16:21:29,703 - org.eclipse.andmore.android.db.devices - 0.5.0.201605181018
2017-04-11 16:21:29,704 - org.eclipse.andmore.android.installer - 0.5.0.201605181018
2017-04-11 16:21:29,705 - org.eclipse.andmore.android.logger.collector - 0.5.0.201605181018
2017-04-11 16:21:29,709 - org.eclipse.emf.mapping.ui - 2.7.0.v20160526-0356
2017-04-11 16:21:29,712 - org.eclipse.mylyn.monitor.core - 3.21.0.v20160630-1702
2017-04-11 16:21:29,713 - org.eclipse.mylyn.monitor.ui - 3.21.0.v20160630-1702
2017-04-11 16:21:29,717 - org.eclipse.datatools.connectivity.oda.template.ui - 3.3.0.201603142002
2017-04-11 16:21:29,721 - org.eclipse.sequoyah.vnc.vncviewer - 2.1.0.N20120718-0509
2017-04-11 16:21:29,725 - org.eclipse.emf.codegen.ecore.ui - 2.12.0.v20160526-0356
2017-04-11 16:21:29,729 - org.eclipse.emf.ecore.editor - 2.12.0.v20160526-0356
2017-04-11 16:21:29,732 - org.eclipse.epp.package.android - 4.6.2.20161208-0625
2017-04-11 16:21:29,736 - org.eclipse.mylyn.builds.core - 1.13.0.v20160704-1634
2017-04-11 16:21:29,736 - org.eclipse.mylyn.builds.ui - 1.13.0.v20160725-1817
2017-04-11 16:21:29,740 - org.eclipse.mylyn.context.core - 3.21.0.v20160701-1337
2017-04-11 16:21:29,743 - org.eclipse.mylyn.context.ui - 3.21.0.v20160701-1337
2017-04-11 16:21:29,745 - org.eclipse.mylyn.resources.ui - 3.21.0.v20160701-1337
2017-04-11 16:21:29,746 - org.eclipse.mylyn.context.tasks.ui - 3.21.0.v20160815-2336
2017-04-11 16:21:29,749 - org.eclipse.emf.databinding - 1.3.0.v20160526-0356
2017-04-11 16:21:29,753 - org.eclipse.datatools.connectivity.sqm.core.ui - 1.3.0.201603142002
2017-04-11 16:21:29,753 - org.eclipse.datatools.connectivity.sqm.core - 1.3.0.201603142002
2017-04-11 16:21:29,755 - org.eclipse.datatools.connectivity.sqm.server.ui - 1.2.0.201603142002
2017-04-11 16:21:29,755 - org.eclipse.datatools.connectivity.ui.dse - 1.2.0.201603142002
2017-04-11 16:21:29,755 - org.eclipse.datatools.connectivity.ui - 1.3.0.201603142002
2017-04-11 16:21:29,755 - org.eclipse.datatools.connectivity - 1.13.0.201603142002
2017-04-11 16:21:29,755 - org.eclipse.datatools.help - 1.6.0.201603142002
2017-04-11 16:21:29,756 - org.eclipse.datatools.connectivity.console.profile - 1.1.0.201603142002
2017-04-11 16:21:29,760 - org.eclipse.oomph.setup - 1.6.0.v20161125-0947
2017-04-11 16:21:29,760 - org.eclipse.oomph.setup.edit - 1.6.0.v20161125-0947
2017-04-11 16:21:29,760 - org.eclipse.oomph.setup.core - 1.6.0.v20161128-0928
2017-04-11 16:21:29,761 - org.eclipse.oomph.setup.sync - 1.6.0.v20161019-0656
2017-04-11 16:21:29,762 - org.eclipse.oomph.setup.p2 - 1.6.0.v20161019-0656
2017-04-11 16:21:29,763 - org.eclipse.oomph.setup.p2.edit - 1.6.0.v20161019-0656
2017-04-11 16:21:29,763 - org.eclipse.oomph.preferences - 1.6.0.v20161019-0656
2017-04-11 16:21:29,764 - org.eclipse.oomph.jreinfo - 1.6.0.v20161019-0656
2017-04-11 16:21:29,765 - org.eclipse.oomph.extractor.lib - 1.3.0.v20161116-0647
2017-04-11 16:21:29,765 - org.apache.commons.logging - 1.1.1.v201101211721
2017-04-11 16:21:29,765 - org.apache.commons.codec - 1.6.0.v201305230611
2017-04-11 16:21:29,765 - org.apache.httpcomponents.httpclient - 4.3.6.v201511171540
2017-04-11 16:21:29,766 - org.apache.httpcomponents.httpcore - 4.3.3.v201411290715
2017-04-11 16:21:29,768 - org.eclipse.userstorage - 1.0.0.v20160524-0709
2017-04-11 16:21:29,769 - org.eclipse.userstorage.ui - 1.0.0.v20151216-0912
